2021-09-09T05:55:05.969663Z 0 [Warning] TIMESTAMP with implicit DEFAULT value is deprecated. Please use --explicit_defaults_for_timestamp server option (see documentation for more details).
2021-09-09T05:55:05.984557Z 0 [Warning] Setting lower_case_table_names=2 because file system for /var/lib/mysql/ is case insensitive
2021-09-09T05:55:06.822694Z 0 [Warning] InnoDB: New log files created, LSN=45790
2021-09-09T05:55:07.049690Z 0 [Warning] InnoDB: Creating foreign key constraint system tables.
2021-09-09T05:55:07.116945Z 0 [Warning] No existing UUID has been found, so we assume that this is the first time that this server has been started. Generating a new UUID: 7c2f86c6-1132-11ec-8769-0242ac130002.
2021-09-09T05:55:07.126465Z 0 [Warning] Gtid table is not ready to be used. Table 'mysql.gtid_executed' cannot be opened.
2021-09-09T05:55:07.853621Z 0 [Warning] A deprecated TLS version TLSv1 is enabled. Please use TLSv1.2 or higher.
2021-09-09T05:55:07.854147Z 0 [Warning] A deprecated TLS version TLSv1.1 is enabled. Please use TLSv1.2 or higher.
2021-09-09T05:55:07.859820Z 0 [Warning] CA certificate ca.pem is self signed.
2021-09-09T05:55:07.971904Z 1 [Warning] root@localhost is created with an empty password ! Please consider switching off the --initialize-insecure option.
2021-09-09T05:55:14.279696Z 0 [Warning] TIMESTAMP with implicit DEFAULT value is deprecated. Please use --explicit_defaults_for_timestamp server option (see documentation for more details).
2021-09-09T05:55:14.285575Z 0 [Note] mysqld (mysqld 5.7.35) starting as process 79 ...
2021-09-09T05:55:14.289500Z 0 [Warning] Setting lower_case_table_names=2 because file system for /var/lib/mysql/ is case insensitive
2021-09-09T05:55:14.292617Z 0 [Note] InnoDB: PUNCH HOLE support available
2021-09-09T05:55:14.292992Z 0 [Note] InnoDB: Mutexes and rw_locks use GCC atomic builtins
2021-09-09T05:55:14.293374Z 0 [Note] InnoDB: Uses event mutexes
2021-09-09T05:55:14.293866Z 0 [Note] InnoDB: GCC builtin __atomic_thread_fence() is used for memory barrier
2021-09-09T05:55:14.294346Z 0 [Note] InnoDB: Compressed tables use zlib 1.2.11
2021-09-09T05:55:14.294630Z 0 [Note] InnoDB: Using Linux native AIO
2021-09-09T05:55:14.295561Z 0 [Note] InnoDB: Number of pools: 1
2021-09-09T05:55:14.296867Z 0 [Note] InnoDB: Using CPU crc32 instructions
2021-09-09T05:55:14.298397Z 0 [Note] InnoDB: Initializing buffer pool, total size = 128M, instances = 1, chunk size = 128M
2021-09-09T05:55:14.304964Z 0 [Note] InnoDB: Completed initialization of buffer pool
2021-09-09T05:55:14.307433Z 0 [Note] InnoDB: If the mysqld execution user is authorized, page cleaner thread priority can be changed. See the man page of setpriority().
2021-09-09T05:55:14.343584Z 0 [Note] InnoDB: Highest supported file format is Barracuda.
2021-09-09T05:55:14.407314Z 0 [Note] InnoDB: Creating shared tablespace for temporary tables
2021-09-09T05:55:14.409740Z 0 [Note] InnoDB: Setting file './ibtmp1' size to 12 MB. Physically writing the file full; Please wait ...
2021-09-09T05:55:14.462495Z 0 [Note] InnoDB: File './ibtmp1' size is now 12 MB.
2021-09-09T05:55:14.466902Z 0 [Note] InnoDB: 96 redo rollback segment(s) found. 96 redo rollback segment(s) are active.
2021-09-09T05:55:14.467364Z 0 [Note] InnoDB: 32 non-redo rollback segment(s) are active.
2021-09-09T05:55:14.468278Z 0 [Note] InnoDB: 5.7.35 started; log sequence number 2749695
2021-09-09T05:55:14.468898Z 0 [Note] InnoDB: Loading buffer pool(s) from /var/lib/mysql/ib_buffer_pool
2021-09-09T05:55:14.469213Z 0 [Note] Plugin 'FEDERATED' is disabled.
2021-09-09T05:55:14.500538Z 0 [Note] Found ca.pem, server-cert.pem and server-key.pem in data directory. Trying to enable SSL support using them.
2021-09-09T05:55:14.501399Z 0 [Note] Skipping generation of SSL certificates as certificate files are present in data directory.
2021-09-09T05:55:14.502007Z 0 [Warning] A deprecated TLS version TLSv1 is enabled. Please use TLSv1.2 or higher.
2021-09-09T05:55:14.502690Z 0 [Warning] A deprecated TLS version TLSv1.1 is enabled. Please use TLSv1.2 or higher.
2021-09-09T05:55:14.503523Z 0 [Note] InnoDB: Buffer pool(s) load completed at 210909 14:55:14
2021-09-09T05:55:14.506255Z 0 [Warning] CA certificate ca.pem is self signed.
2021-09-09T05:55:14.506731Z 0 [Note] Skipping generation of RSA key pair as key files are present in data directory.
2021-09-09T05:55:14.510511Z 0 [Warning] Insecure configuration for --pid-file: Location '/var/run/mysqld' in the path is accessible to all OS users. Consider choosing a different directory.
2021-09-09T05:55:14.682192Z 0 [Note] Event Scheduler: Loaded 0 events
2021-09-09T05:55:14.682822Z 0 [Note] mysqld: ready for connections.
Version: '5.7.35'  socket: '/var/run/mysqld/mysqld.sock'  port: 0  MySQL Community Server (GPL)
2021-09-09T05:55:17.337968Z 0 [Note] Giving 0 client threads a chance to die gracefully
2021-09-09T05:55:17.338454Z 0 [Note] Shutting down slave threads
2021-09-09T05:55:17.338871Z 0 [Note] Forcefully disconnecting 0 remaining clients
2021-09-09T05:55:17.339494Z 0 [Note] Event Scheduler: Purging the queue. 0 events
2021-09-09T05:55:17.340142Z 0 [Note] Binlog end
2021-09-09T05:55:17.342402Z 0 [Note] Shutting down plugin 'ngram'
2021-09-09T05:55:17.342865Z 0 [Note] Shutting down plugin 'partition'
2021-09-09T05:55:17.343307Z 0 [Note] Shutting down plugin 'BLACKHOLE'
2021-09-09T05:55:17.343828Z 0 [Note] Shutting down plugin 'ARCHIVE'
2021-09-09T05:55:17.345027Z 0 [Note] Shutting down plugin 'PERFORMANCE_SCHEMA'
2021-09-09T05:55:17.345881Z 0 [Note] Shutting down plugin 'MRG_MYISAM'
2021-09-09T05:55:17.346361Z 0 [Note] Shutting down plugin 'MyISAM'
2021-09-09T05:55:17.346964Z 0 [Note] Shutting down plugin 'INNODB_SYS_VIRTUAL'
2021-09-09T05:55:17.347699Z 0 [Note] Shutting down plugin 'INNODB_SYS_DATAFILES'
2021-09-09T05:55:17.348266Z 0 [Note] Shutting down plugin 'INNODB_SYS_TABLESPACES'
2021-09-09T05:55:17.348734Z 0 [Note] Shutting down plugin 'INNODB_SYS_FOREIGN_COLS'
2021-09-09T05:55:17.349266Z 0 [Note] Shutting down plugin 'INNODB_SYS_FOREIGN'
2021-09-09T05:55:17.349834Z 0 [Note] Shutting down plugin 'INNODB_SYS_FIELDS'
2021-09-09T05:55:17.350196Z 0 [Note] Shutting down plugin 'INNODB_SYS_COLUMNS'
2021-09-09T05:55:17.350689Z 0 [Note] Shutting down plugin 'INNODB_SYS_INDEXES'
2021-09-09T05:55:17.351173Z 0 [Note] Shutting down plugin 'INNODB_SYS_TABLESTATS'
2021-09-09T05:55:17.351693Z 0 [Note] Shutting down plugin 'INNODB_SYS_TABLES'
2021-09-09T05:55:17.352269Z 0 [Note] Shutting down plugin 'INNODB_FT_INDEX_TABLE'
2021-09-09T05:55:17.353026Z 0 [Note] Shutting down plugin 'INNODB_FT_INDEX_CACHE'
2021-09-09T05:55:17.353600Z 0 [Note] Shutting down plugin 'INNODB_FT_CONFIG'
2021-09-09T05:55:17.354037Z 0 [Note] Shutting down plugin 'INNODB_FT_BEING_DELETED'
2021-09-09T05:55:17.354563Z 0 [Note] Shutting down plugin 'INNODB_FT_DELETED'
2021-09-09T05:55:17.355050Z 0 [Note] Shutting down plugin 'INNODB_FT_DEFAULT_STOPWORD'
2021-09-09T05:55:17.355426Z 0 [Note] Shutting down plugin 'INNODB_METRICS'
2021-09-09T05:55:17.355880Z 0 [Note] Shutting down plugin 'INNODB_TEMP_TABLE_INFO'
2021-09-09T05:55:17.356261Z 0 [Note] Shutting down plugin 'INNODB_BUFFER_POOL_STATS'
2021-09-09T05:55:17.356696Z 0 [Note] Shutting down plugin 'INNODB_BUFFER_PAGE_LRU'
2021-09-09T05:55:17.357155Z 0 [Note] Shutting down plugin 'INNODB_BUFFER_PAGE'
2021-09-09T05:55:17.357566Z 0 [Note] Shutting down plugin 'INNODB_CMP_PER_INDEX_RESET'
2021-09-09T05:55:17.358099Z 0 [Note] Shutting down plugin 'INNODB_CMP_PER_INDEX'
2021-09-09T05:55:17.358586Z 0 [Note] Shutting down plugin 'INNODB_CMPMEM_RESET'
2021-09-09T05:55:17.358937Z 0 [Note] Shutting down plugin 'INNODB_CMPMEM'
2021-09-09T05:55:17.359356Z 0 [Note] Shutting down plugin 'INNODB_CMP_RESET'
2021-09-09T05:55:17.359816Z 0 [Note] Shutting down plugin 'INNODB_CMP'
2021-09-09T05:55:17.360321Z 0 [Note] Shutting down plugin 'INNODB_LOCK_WAITS'
2021-09-09T05:55:17.360692Z 0 [Note] Shutting down plugin 'INNODB_LOCKS'
2021-09-09T05:55:17.361203Z 0 [Note] Shutting down plugin 'INNODB_TRX'
2021-09-09T05:55:17.361673Z 0 [Note] Shutting down plugin 'InnoDB'
2021-09-09T05:55:17.362459Z 0 [Note] InnoDB: FTS optimize thread exiting.
2021-09-09T05:55:17.363079Z 0 [Note] InnoDB: Starting shutdown...
2021-09-09T05:55:17.467168Z 0 [Note] InnoDB: Dumping buffer pool(s) to /var/lib/mysql/ib_buffer_pool
2021-09-09T05:55:17.479106Z 0 [Note] InnoDB: Buffer pool(s) dump completed at 210909 14:55:17
2021-09-09T05:55:19.413741Z 0 [Note] InnoDB: Shutdown completed; log sequence number 12667143
2021-09-09T05:55:19.418220Z 0 [Note] InnoDB: Removed temporary tablespace data file: "ibtmp1"
2021-09-09T05:55:19.419351Z 0 [Note] Shutting down plugin 'MEMORY'
2021-09-09T05:55:19.420135Z 0 [Note] Shutting down plugin 'CSV'
2021-09-09T05:55:19.420951Z 0 [Note] Shutting down plugin 'sha256_password'
2021-09-09T05:55:19.421668Z 0 [Note] Shutting down plugin 'mysql_native_password'
2021-09-09T05:55:19.422630Z 0 [Note] Shutting down plugin 'binlog'
2021-09-09T05:55:19.426893Z 0 [Note] mysqld: Shutdown complete

2021-09-09T05:55:20.533210Z 0 [Warning] TIMESTAMP with implicit DEFAULT value is deprecated. Please use --explicit_defaults_for_timestamp server option (see documentation for more details).
2021-09-09T05:55:20.538120Z 0 [Note] mysqld (mysqld 5.7.35) starting as process 1 ...
2021-09-09T05:55:20.542081Z 0 [Warning] Setting lower_case_table_names=2 because file system for /var/lib/mysql/ is case insensitive
2021-09-09T05:55:20.545436Z 0 [Note] InnoDB: PUNCH HOLE support available
2021-09-09T05:55:20.545921Z 0 [Note] InnoDB: Mutexes and rw_locks use GCC atomic builtins
2021-09-09T05:55:20.546648Z 0 [Note] InnoDB: Uses event mutexes
2021-09-09T05:55:20.547144Z 0 [Note] InnoDB: GCC builtin __atomic_thread_fence() is used for memory barrier
2021-09-09T05:55:20.547600Z 0 [Note] InnoDB: Compressed tables use zlib 1.2.11
2021-09-09T05:55:20.548024Z 0 [Note] InnoDB: Using Linux native AIO
2021-09-09T05:55:20.548601Z 0 [Note] InnoDB: Number of pools: 1
2021-09-09T05:55:20.549132Z 0 [Note] InnoDB: Using CPU crc32 instructions
2021-09-09T05:55:20.550826Z 0 [Note] InnoDB: Initializing buffer pool, total size = 128M, instances = 1, chunk size = 128M
2021-09-09T05:55:20.556720Z 0 [Note] InnoDB: Completed initialization of buffer pool
2021-09-09T05:55:20.559187Z 0 [Note] InnoDB: If the mysqld execution user is authorized, page cleaner thread priority can be changed. See the man page of setpriority().
2021-09-09T05:55:20.594829Z 0 [Note] InnoDB: Highest supported file format is Barracuda.
2021-09-09T05:55:20.659842Z 0 [Note] InnoDB: Creating shared tablespace for temporary tables
2021-09-09T05:55:20.662906Z 0 [Note] InnoDB: Setting file './ibtmp1' size to 12 MB. Physically writing the file full; Please wait ...
2021-09-09T05:55:20.714397Z 0 [Note] InnoDB: File './ibtmp1' size is now 12 MB.
2021-09-09T05:55:20.718661Z 0 [Note] InnoDB: 96 redo rollback segment(s) found. 96 redo rollback segment(s) are active.
2021-09-09T05:55:20.719214Z 0 [Note] InnoDB: 32 non-redo rollback segment(s) are active.
2021-09-09T05:55:20.720951Z 0 [Note] InnoDB: 5.7.35 started; log sequence number 12667143
2021-09-09T05:55:20.721969Z 0 [Note] InnoDB: Loading buffer pool(s) from /var/lib/mysql/ib_buffer_pool
2021-09-09T05:55:20.722175Z 0 [Note] Plugin 'FEDERATED' is disabled.
2021-09-09T05:55:20.749447Z 0 [Note] Found ca.pem, server-cert.pem and server-key.pem in data directory. Trying to enable SSL support using them.
2021-09-09T05:55:20.750351Z 0 [Note] Skipping generation of SSL certificates as certificate files are present in data directory.
2021-09-09T05:55:20.750954Z 0 [Warning] A deprecated TLS version TLSv1 is enabled. Please use TLSv1.2 or higher.
2021-09-09T05:55:20.751474Z 0 [Warning] A deprecated TLS version TLSv1.1 is enabled. Please use TLSv1.2 or higher.
2021-09-09T05:55:20.756645Z 0 [Warning] CA certificate ca.pem is self signed.
2021-09-09T05:55:20.758285Z 0 [Note] Skipping generation of RSA key pair as key files are present in data directory.
2021-09-09T05:55:20.763023Z 0 [Note] Server hostname (bind-address): '*'; port: 3306
2021-09-09T05:55:20.764045Z 0 [Note] IPv6 is available.
2021-09-09T05:55:20.765263Z 0 [Note]   - '::' resolves to '::';
2021-09-09T05:55:20.766079Z 0 [Note] Server socket created on IP: '::'.
2021-09-09T05:55:20.768621Z 0 [Warning] Insecure configuration for --pid-file: Location '/var/run/mysqld' in the path is accessible to all OS users. Consider choosing a different directory.
2021-09-09T05:55:20.783865Z 0 [Note] InnoDB: Buffer pool(s) load completed at 210909 14:55:20
2021-09-09T05:55:20.925139Z 0 [Note] Event Scheduler: Loaded 0 events
2021-09-09T05:55:20.925791Z 0 [Note] mysqld: ready for connections.
Version: '5.7.35'  socket: '/var/run/mysqld/mysqld.sock'  port: 3306  MySQL Community Server (GPL)
2021-09-09T06:14:08.218618Z 0 [Note] InnoDB: page_cleaner: 1000ms intended loop took 20398ms. The settings might not be optimal. (flushed=0 and evicted=0, during the time.)
